<html>
<head>
<title>TestNG:  CucumberTests</title>
<link href="../testng.css" rel="stylesheet" type="text/css" />
<link href="../my-testng.css" rel="stylesheet" type="text/css" />

<style type="text/css">
.log { display: none;} 
.stack-trace { display: none;} 
</style>
<script type="text/javascript">
<!--
function flip(e) {
  current = e.style.display;
  if (current == 'block') {
    e.style.display = 'none';
    return 0;
  }
  else {
    e.style.display = 'block';
    return 1;
  }
}

function toggleBox(szDivId, elem, msg1, msg2)
{
  var res = -1;  if (document.getElementById) {
    res = flip(document.getElementById(szDivId));
  }
  else if (document.all) {
    // this is the way old msie versions work
    res = flip(document.all[szDivId]);
  }
  if(elem) {
    if(res == 0) elem.innerHTML = msg1; else elem.innerHTML = msg2;
  }

}

function toggleAllBoxes() {
  if (document.getElementsByTagName) {
    d = document.getElementsByTagName('div');
    for (i = 0; i < d.length; i++) {
      if (d[i].className == 'log') {
        flip(d[i]);
      }
    }
  }
}

// -->
</script>

</head>
<body>
<h2 align='center'>CucumberTests</h2><table border='1' align="center">
<tr>
<td>Tests passed/Failed/Skipped:</td><td>0/2/0</td>
</tr><tr>
<td>Started on:</td><td>Sat Feb 21 23:08:58 IST 2026</td>
</tr>
<tr><td>Total time:</td><td>0 seconds (788 ms)</td>
</tr><tr>
<td>Included groups:</td><td></td>
</tr><tr>
<td>Excluded groups:</td><td></td>
</tr>
</table><p/>
<small><i>(Hover the method name to see the test class name)</i></small><p/>
<table width='100%' border='1' class='invocation-failed'>
<tr><td colspan='4' align='center'><b>FAILED TESTS</b></td></tr>
<tr><td><b>Test method</b></td>
<td><b>Attribute(s)</b></td>
<td width="30%"><b>Exception</b></td>
<td width="10%"><b>Time (seconds)</b></td>
<td><b>Instance</b></td>
</tr>
<tr>
<td title='runner.TestRunner.runScenario()'><b>runScenario</b><br>Test class: runner.TestRunner<br>Test method: Runs Cucumber Scenarios<br>Parameters: "Successful purchase of a single product", "Happy Path End-to-End Purchase Flow"</td>
<td><div><pre>java.lang.NullPointerException: Cannot invoke &quot;org.openqa.selenium.WebDriver.get(String)&quot; because &quot;this.driver&quot; is null
	at Pages.loginPage.login(loginPage.java:30)
	at stepDefinitions.stepDefinitiion.login_with_UName_and_Password(stepDefinitiion.java:44)
	at ✽.I login as a standard user(file:///D:/Eclipse/Eclipse-workspace/SauceLabsBackpackDemo/src/test/java/featureFiles/HappyFlow.feature:5)
</pre></div><a href='#' onClick='toggleBox("stack-trace492252770", this, "Click to show all stack frames", "Click to hide stack frames")'>Click to show all stack frames</a>
<div class='stack-trace' id='stack-trace492252770'><pre>java.lang.NullPointerException: Cannot invoke &quot;org.openqa.selenium.WebDriver.get(String)&quot; because &quot;this.driver&quot; is null
	at Pages.loginPage.login(loginPage.java:30)
	at stepDefinitions.stepDefinitiion.login_with_UName_and_Password(stepDefinitiion.java:44)
	at ✽.I login as a standard user(file:///D:/Eclipse/Eclipse-workspace/SauceLabsBackpackDemo/src/test/java/featureFiles/HappyFlow.feature:5)
</pre></div></td>
<td>0</td>
<td>runner.TestRunner@1c1bbc4e</td></tr>
<tr>
<td title='runner.TestRunner.runScenario()'><b>runScenario</b><br>Test class: runner.TestRunner<br>Test method: Runs Cucumber Scenarios<br>Parameters: "Invalid login shows error", "Happy Path End-to-End Purchase Flow"</td>
<td><div><pre>java.lang.NullPointerException: Cannot invoke &quot;org.openqa.selenium.WebDriver.get(String)&quot; because &quot;this.driver&quot; is null
	at Pages.loginPage.InvalidLogin(loginPage.java:38)
	at stepDefinitions.stepDefinitiion.i_attempt_login_with_invalid_credentials(stepDefinitiion.java:74)
	at ✽.I attempt login with invalid credentials(file:///D:/Eclipse/Eclipse-workspace/SauceLabsBackpackDemo/src/test/java/featureFiles/HappyFlow.feature:11)
</pre></div><a href='#' onClick='toggleBox("stack-trace1774468680", this, "Click to show all stack frames", "Click to hide stack frames")'>Click to show all stack frames</a>
<div class='stack-trace' id='stack-trace1774468680'><pre>java.lang.NullPointerException: Cannot invoke &quot;org.openqa.selenium.WebDriver.get(String)&quot; because &quot;this.driver&quot; is null
	at Pages.loginPage.InvalidLogin(loginPage.java:38)
	at stepDefinitions.stepDefinitiion.i_attempt_login_with_invalid_credentials(stepDefinitiion.java:74)
	at ✽.I attempt login with invalid credentials(file:///D:/Eclipse/Eclipse-workspace/SauceLabsBackpackDemo/src/test/java/featureFiles/HappyFlow.feature:11)
</pre></div></td>
<td>0</td>
<td>runner.TestRunner@1c1bbc4e</td></tr>
</table><p>
</body>
</html>