<?xml version="1.0" encoding="UTF-8"?>
<!-- Generated by org.testng.reporters.JUnitXMLReporter -->
<testsuite ignored="0" hostname="Govindu" failures="2" tests="2" name="CucumberTests" time="0.788" errors="0" timestamp="2026-02-21T23:08:58 IST">
  <testcase classname="io.cucumber.testng.AbstractTestNGCucumberTests" name="runScenario" time="0.124">
    <failure type="java.lang.NullPointerException" message="Cannot invoke &amp;quot;org.openqa.selenium.WebDriver.get(String)&amp;quot; because &amp;quot;this.driver&amp;quot; is null">
      <![CDATA[java.lang.NullPointerException: Cannot invoke "org.openqa.selenium.WebDriver.get(String)" because "this.driver" is null
at Pages.loginPage.login(loginPage.java:30)
at stepDefinitions.stepDefinitiion.login_with_UName_and_Password(stepDefinitiion.java:44)
at ✽.I login as a standard user(file:///D:/Eclipse/Eclipse-workspace/SauceLabsBackpackDemo/src/test/java/featureFiles/HappyFlow.feature:5)
]]>
    </failure>
  </testcase> <!-- runScenario -->
  <testcase classname="io.cucumber.testng.AbstractTestNGCucumberTests" name="runScenario" time="0.011">
    <failure type="java.lang.NullPointerException" message="Cannot invoke &amp;quot;org.openqa.selenium.WebDriver.get(String)&amp;quot; because &amp;quot;this.driver&amp;quot; is null">
      <![CDATA[java.lang.NullPointerException: Cannot invoke "org.openqa.selenium.WebDriver.get(String)" because "this.driver" is null
at Pages.loginPage.InvalidLogin(loginPage.java:38)
at stepDefinitions.stepDefinitiion.i_attempt_login_with_invalid_credentials(stepDefinitiion.java:74)
at ✽.I attempt login with invalid credentials(file:///D:/Eclipse/Eclipse-workspace/SauceLabsBackpackDemo/src/test/java/featureFiles/HappyFlow.feature:11)
]]>
    </failure>
  </testcase> <!-- runScenario -->
</testsuite> <!-- CucumberTests -->
