<?xml version="1.0" encoding="UTF-8"?>
<testsuite xmlns:xsi="http://www.w3.org/2001/XMLSchema-instance" xsi:noNamespaceSchemaLocation="https://maven.apache.org/surefire/maven-surefire-plugin/xsd/surefire-test-report-3.0.xsd" version="3.0" name="runner.TestRunner" time="6.378" tests="2" errors="0" skipped="0" failures="0">
  <properties>
[...]
</properties>
  <testcase name="runScenario[&quot;Successful purchase of a single product&quot;, &quot;Happy Path End-to-End Purchase Flow&quot;](1)" classname="runner.TestRunner" time="3.325">
    <system-out><![CDATA[
&amp#27;[1mScenario:&amp#27;[22m Successful purchase of a single product &amp#27;[90m# src/test/java/featureFiles/HappyFlow.feature:4&amp#27;[39m
  &amp#27;[32m✔&amp#27;[39m &amp#27;[32m&amp#27;[1mGiven &amp#27;[22mI login as a standard user&amp#27;[39m              &amp#27;[90m# stepDefinitions.stepDefinitiion.login_with_UName_and_Password()&amp#27;[39m
  &amp#27;[32m✔&amp#27;[39m &amp#27;[32m&amp#27;[1mWhen &amp#27;[22mI add “Sauce Labs Backpack” to the cart&amp#27;[39m  &amp#27;[90m# stepDefinitions.stepDefinitiion.i_added_SauceLabsBackpack_to_cat()&amp#27;[39m
  &amp#27;[32m✔&amp#27;[39m &amp#27;[32m&amp#27;[1mAnd &amp#27;[22mI checkout with valid customer details&amp#27;[39m    &amp#27;[90m# stepDefinitions.stepDefinitiion.i_checkout_with_valid_customer_details()&amp#27;[39m
  &amp#27;[32m✔&amp#27;[39m &amp#27;[32m&amp#27;[1mThen &amp#27;[22mI should see the order confirmation page&amp#27;[39m &amp#27;[90m# stepDefinitions.stepDefinitiion.i_should_see_the_order_confirmation_page()&amp#27;[39m
]]></system-out>
    <system-err><![CDATA[SLF4J(W): No SLF4J providers were found.
SLF4J(W): Defaulting to no-operation (NOP) logger implementation
SLF4J(W): See https://www.slf4j.org/codes.html#noProviders for further details.
Feb 21, 2026 7:13:05 PM org.openqa.selenium.devtools.CdpVersionFinder findNearestMatch
WARNING: Unable to find an exact match for CDP version 145, returning the closest version; found: 144; Please update to a Selenium version that supports CDP version 145
]]></system-err>
  </testcase>
  <testcase name="runScenario[&quot;Invalid login shows error&quot;, &quot;Happy Path End-to-End Purchase Flow&quot;](2)" classname="runner.TestRunner" time="2.212">
    <system-out><![CDATA[
&amp#27;[1mScenario:&amp#27;[22m Invalid login shows error                   &amp#27;[90m# src/test/java/featureFiles/HappyFlow.feature:10&amp#27;[39m
  &amp#27;[32m✔&amp#27;[39m &amp#27;[32m&amp#27;[1mGiven &amp#27;[22mI attempt login with invalid credentials&amp#27;[39m    &amp#27;[90m# stepDefinitions.stepDefinitiion.i_attempt_login_with_invalid_credentials()&amp#27;[39m
  &amp#27;[32m✔&amp#27;[39m &amp#27;[32m&amp#27;[1mThen &amp#27;[22mI should see an authentication error message&amp#27;[39m &amp#27;[90m# stepDefinitions.stepDefinitiion.i_should_see_an_authentication_error_message()&amp#27;[39m
]]></system-out>
    <system-err><![CDATA[Feb 21, 2026 7:13:08 PM org.openqa.selenium.devtools.CdpVersionFinder findNearestMatch
WARNING: Unable to find an exact match for CDP version 145, returning the closest version; found: 144; Please update to a Selenium version that supports CDP version 145
]]></system-err>
  </testcase>
</testsuite>