<?xml version="1.0" encoding="UTF-8"?>
<testng-results ignored="0" total="2" passed="2" failed="0" skipped="0">
  <reporter-output>
  </reporter-output>
  <suite started-at="2026-02-21T21:48:24 IST" name="CucumberTests" finished-at="2026-02-21T21:48:33 IST" duration-ms="8894">
    <groups>
      <group name="cucumber">
        <method signature="AbstractTestNGCucumberTests.runScenario(io.cucumber.testng.PickleWrapper,io.cucumber.testng.FeatureWrapper)[pri:0, instance:runner.TestRunner@1c1bbc4e]" name="runScenario" class="io.cucumber.testng.AbstractTestNGCucumberTests"/>
      </group> <!-- cucumber -->
    </groups>
    <test started-at="2026-02-21T21:48:24 IST" name="CucumberTests" finished-at="2026-02-21T21:48:33 IST" duration-ms="8894">
      <class name="runner.TestRunner">
        <test-method is-config="true" signature="setUpClass(org.testng.ITestContext)[pri:0, instance:runner.TestRunner@1c1bbc4e]" started-at="2026-02-21T21:48:24 IST" name="setUpClass" finished-at="2026-02-21T21:48:25 IST" duration-ms="999" status="PASS">
          <params>
            <param index="0">
              <value>
                <![CDATA[org.testng.TestRunner@3abfe845]]>
              </value>
            </param>
          </params>
          <reporter-output>
          </reporter-output>
        </test-method> <!-- setUpClass -->
        <test-method signature="runScenario(io.cucumber.testng.PickleWrapper,io.cucumber.testng.FeatureWrapper)[pri:0, instance:runner.TestRunner@1c1bbc4e]" started-at="2026-02-21T21:48:25 IST" name="runScenario" description="Runs Cucumber Scenarios" data-provider="scenarios" finished-at="2026-02-21T21:48:32 IST" duration-ms="7269" status="PASS">
          <params>
            <param index="0">
              <value>
                <![CDATA["Successful purchase of a single product"]]>
              </value>
            </param>
            <param index="1">
              <value>
                <![CDATA["Happy Path End-to-End Purchase Flow"]]>
              </value>
            </param>
          </params>
          <reporter-output>
          </reporter-output>
        </test-method> <!-- runScenario -->
        <test-method signature="runScenario(io.cucumber.testng.PickleWrapper,io.cucumber.testng.FeatureWrapper)[pri:0, instance:runner.TestRunner@1c1bbc4e]" started-at="2026-02-21T21:48:32 IST" name="runScenario" description="Runs Cucumber Scenarios" data-provider="scenarios" finished-at="2026-02-21T21:48:33 IST" duration-ms="496" status="PASS">
          <params>
            <param index="0">
              <value>
                <![CDATA["Invalid login shows error"]]>
              </value>
            </param>
            <param index="1">
              <value>
                <![CDATA["Happy Path End-to-End Purchase Flow"]]>
              </value>
            </param>
          </params>
          <reporter-output>
          </reporter-output>
        </test-method> <!-- runScenario -->
        <test-method is-config="true" signature="tearDownClass()[pri:0, instance:runner.TestRunner@1c1bbc4e]" started-at="2026-02-21T21:48:33 IST" name="tearDownClass" finished-at="2026-02-21T21:48:33 IST" duration-ms="43" status="PASS">
          <reporter-output>
          </reporter-output>
        </test-method> <!-- tearDownClass -->
      </class> <!-- runner.TestRunner -->
    </test> <!-- CucumberTests -->
  </suite> <!-- CucumberTests -->
</testng-results>
